2021-03-31 16:57:13,490 INFO (SpringApplication.java:651)- No active profile set, falling back to default profiles: default
2021-03-31 16:57:16,810 INFO (SpringApplication.java:651)- No active profile set, falling back to default profiles: default
2021-03-31 16:57:23,647 INFO (StartupInfoLogger.java:61)- Started BusinessWebApplication in 12.273 seconds (JVM running for 13.33)
2021-03-31 16:57:25,510 INFO (SpringApplication.java:651)- No active profile set, falling back to default profiles: default
2021-03-31 16:57:28,140 INFO (StartupInfoLogger.java:61)- Started BusinessCooperationApplication in 13.649 seconds (JVM running for 15.033)
2021-03-31 16:57:28,494 INFO (SpringApplication.java:651)- No active profile set, falling back to default profiles: default
2021-03-31 16:57:33,555 INFO (StartupInfoLogger.java:61)- Started BusinessUserApplication in 11.733 seconds (JVM running for 13.312)
2021-03-31 16:57:35,485 INFO (StartupInfoLogger.java:61)- Started BusinessAppletsApplication in 9.431 seconds (JVM running for 11.016)
2021-03-31 16:58:02,211 DEBUG (BaseJdbcLogger.java:143)- ==>  Preparing: SELECT id,password,salt,gender,role_id,ctime,locked,username FROM sys_user WHERE (username = ?) 
2021-03-31 16:58:02,231 DEBUG (BaseJdbcLogger.java:143)- ==> Parameters: 15884298898(String)
2021-03-31 16:58:02,259 DEBUG (BaseJdbcLogger.java:143)- <==      Total: 1
2021-03-31 16:58:10,221 DEBUG (BaseJdbcLogger.java:143)- ==>  Preparing: SELECT id,password,salt,gender,role_id,ctime,locked,username FROM sys_user WHERE (username = ?) 
2021-03-31 16:58:10,221 DEBUG (BaseJdbcLogger.java:143)- ==> Parameters: 15884298898(String)
2021-03-31 16:58:10,232 DEBUG (BaseJdbcLogger.java:143)- <==      Total: 1
2021-03-31 16:58:42,651 DEBUG (BaseJdbcLogger.java:143)- ==>  Preparing: SELECT id,password,salt,gender,role_id,ctime,locked,username FROM sys_user WHERE (username = ?) 
2021-03-31 16:58:42,651 DEBUG (BaseJdbcLogger.java:143)- ==> Parameters: 15884298898(String)
2021-03-31 16:58:42,664 DEBUG (BaseJdbcLogger.java:143)- <==      Total: 1
2021-03-31 17:07:43,577 INFO (SpringApplication.java:651)- No active profile set, falling back to default profiles: default
2021-03-31 17:07:50,508 INFO (StartupInfoLogger.java:61)- Started BusinessWebApplication in 8.928 seconds (JVM running for 10.091)
2021-03-31 17:16:12,216 INFO (SpringApplication.java:651)- No active profile set, falling back to default profiles: default
2021-03-31 17:16:18,815 INFO (StartupInfoLogger.java:61)- Started BusinessWebApplication in 8.57 seconds (JVM running for 9.826)
2021-03-31 17:18:15,721 INFO (SpringApplication.java:651)- No active profile set, falling back to default profiles: default
2021-03-31 17:18:22,050 INFO (StartupInfoLogger.java:61)- Started BusinessWebApplication in 8.224 seconds (JVM running for 9.355)
2021-03-31 17:23:54,903 INFO (SpringApplication.java:651)- No active profile set, falling back to default profiles: default
2021-03-31 17:25:16,029 INFO (SpringApplication.java:651)- No active profile set, falling back to default profiles: default
2021-03-31 17:25:22,267 INFO (StartupInfoLogger.java:61)- Started BusinessWebApplication in 8.067 seconds (JVM running for 9.197)
2021-03-31 17:29:44,986 INFO (SpringApplication.java:651)- No active profile set, falling back to default profiles: default
2021-03-31 17:29:51,187 INFO (StartupInfoLogger.java:61)- Started BusinessWebApplication in 7.995 seconds (JVM running for 9.092)
2021-03-31 17:30:20,612 DEBUG (BaseJdbcLogger.java:143)- ==>  Preparing: SELECT id,password,salt,gender,role_id,ctime,locked,username FROM sys_user WHERE (username = ?) 
2021-03-31 17:30:20,612 DEBUG (BaseJdbcLogger.java:143)- ==> Parameters: 15884298898(String)
2021-03-31 17:30:20,624 DEBUG (BaseJdbcLogger.java:143)- <==      Total: 1
2021-03-31 17:33:02,370 INFO (SpringApplication.java:651)- No active profile set, falling back to default profiles: default
2021-03-31 17:33:08,484 INFO (StartupInfoLogger.java:61)- Started BusinessWebApplication in 7.955 seconds (JVM running for 9.029)
